{"/home/tomas/web-projects/proyectos-react/todolist-app/src/App.tsx": {"path":"/home/tomas/web-projects/proyectos-react/todolist-app/src/App.tsx","statementMap":{"0":{"start":{"line":31,"column":4},"end":{"line":55,"column":null}},"1":{"start":{"line":33,"column":12},"end":{"line":33,"column":null}},"2":{"start":{"line":37,"column":12},"end":{"line":46,"column":null}},"3":{"start":{"line":38,"column":16},"end":{"line":44,"column":null}},"4":{"start":{"line":39,"column":20},"end":{"line":39,"column":null}},"5":{"start":{"line":40,"column":20},"end":{"line":43,"column":null}},"6":{"start":{"line":45,"column":16},"end":{"line":45,"column":null}},"7":{"start":{"line":49,"column":12},"end":{"line":49,"column":null}},"8":{"start":{"line":50,"column":12},"end":{"line":50,"column":null}},"9":{"start":{"line":50,"column":40},"end":{"line":50,"column":66}},"10":{"start":{"line":53,"column":12},"end":{"line":53,"column":null}},"11":{"start":{"line":59,"column":4},"end":{"line":82,"column":null}},"12":{"start":{"line":61,"column":12},"end":{"line":61,"column":null}},"13":{"start":{"line":64,"column":12},"end":{"line":74,"column":null}},"14":{"start":{"line":65,"column":16},"end":{"line":72,"column":null}},"15":{"start":{"line":66,"column":20},"end":{"line":71,"column":null}},"16":{"start":{"line":73,"column":16},"end":{"line":73,"column":null}},"17":{"start":{"line":77,"column":12},"end":{"line":77,"column":null}},"18":{"start":{"line":77,"column":40},"end":{"line":77,"column":66}},"19":{"start":{"line":80,"column":12},"end":{"line":80,"column":null}},"20":{"start":{"line":88,"column":25},"end":{"line":102,"column":null}},"21":{"start":{"line":104,"column":25},"end":{"line":119,"column":null}},"22":{"start":{"line":121,"column":35},"end":{"line":121,"column":null}},"23":{"start":{"line":122,"column":35},"end":{"line":122,"column":null}},"24":{"start":{"line":123,"column":44},"end":{"line":123,"column":null}},"25":{"start":{"line":127,"column":8},"end":{"line":127,"column":null}},"26":{"start":{"line":128,"column":8},"end":{"line":134,"column":null}},"27":{"start":{"line":138,"column":8},"end":{"line":138,"column":null}},"28":{"start":{"line":139,"column":8},"end":{"line":139,"column":null}},"29":{"start":{"line":140,"column":8},"end":{"line":147,"column":null}},"30":{"start":{"line":151,"column":8},"end":{"line":158,"column":null}},"31":{"start":{"line":162,"column":4},"end":{"line":185,"column":null}},"32":{"start":{"line":168,"column":20},"end":{"line":173,"column":null}},"33":{"start":{"line":172,"column":40},"end":{"line":172,"column":null}},"34":{"start":{"line":177,"column":50},"end":{"line":177,"column":75}},"35":{"start":{"line":178,"column":39},"end":{"line":178,"column":71}},"36":{"start":{"line":181,"column":39},"end":{"line":181,"column":71}}},"fnMap":{"0":{"name":"listsReducer","decl":{"start":{"line":30,"column":9},"end":{"line":30,"column":22}},"loc":{"start":{"line":30,"column":58},"end":{"line":56,"column":null}}},"1":{"name":"(anonymous_1)","decl":{"start":{"line":37,"column":29},"end":{"line":37,"column":37}},"loc":{"start":{"line":37,"column":37},"end":{"line":46,"column":13}}},"2":{"name":"(anonymous_2)","decl":{"start":{"line":50,"column":32},"end":{"line":50,"column":40}},"loc":{"start":{"line":50,"column":40},"end":{"line":50,"column":66}}},"3":{"name":"itemsReducer","decl":{"start":{"line":58,"column":9},"end":{"line":58,"column":22}},"loc":{"start":{"line":58,"column":58},"end":{"line":83,"column":null}}},"4":{"name":"(anonymous_4)","decl":{"start":{"line":64,"column":29},"end":{"line":64,"column":37}},"loc":{"start":{"line":64,"column":37},"end":{"line":74,"column":13}}},"5":{"name":"(anonymous_5)","decl":{"start":{"line":77,"column":32},"end":{"line":77,"column":40}},"loc":{"start":{"line":77,"column":40},"end":{"line":77,"column":66}}},"6":{"name":"App","decl":{"start":{"line":86,"column":24},"end":{"line":86,"column":30}},"loc":{"start":{"line":86,"column":30},"end":{"line":187,"column":null}}},"7":{"name":"handleCreateList","decl":{"start":{"line":126,"column":13},"end":{"line":126,"column":30}},"loc":{"start":{"line":126,"column":42},"end":{"line":136,"column":null}}},"8":{"name":"handleUpdateList","decl":{"start":{"line":137,"column":13},"end":{"line":137,"column":30}},"loc":{"start":{"line":137,"column":42},"end":{"line":148,"column":null}}},"9":{"name":"handleDeleteList","decl":{"start":{"line":150,"column":13},"end":{"line":150,"column":30}},"loc":{"start":{"line":150,"column":46},"end":{"line":159,"column":null}}},"10":{"name":"(anonymous_10)","decl":{"start":{"line":167,"column":27},"end":{"line":167,"column":35}},"loc":{"start":{"line":167,"column":35},"end":{"line":174,"column":17}}},"11":{"name":"(anonymous_11)","decl":{"start":{"line":172,"column":34},"end":{"line":172,"column":40}},"loc":{"start":{"line":172,"column":40},"end":{"line":172,"column":null}}},"12":{"name":"(anonymous_12)","decl":{"start":{"line":177,"column":34},"end":{"line":177,"column":35}},"loc":{"start":{"line":177,"column":50},"end":{"line":177,"column":75}}},"13":{"name":"(anonymous_13)","decl":{"start":{"line":178,"column":33},"end":{"line":178,"column":39}},"loc":{"start":{"line":178,"column":39},"end":{"line":178,"column":71}}},"14":{"name":"(anonymous_14)","decl":{"start":{"line":181,"column":33},"end":{"line":181,"column":39}},"loc":{"start":{"line":181,"column":39},"end":{"line":181,"column":71}}}},"branchMap":{"0":{"loc":{"start":{"line":31,"column":4},"end":{"line":55,"column":null}},"type":"switch","locations":[{"start":{"line":32,"column":8},"end":{"line":34,"column":null}},{"start":{"line":35,"column":8},"end":{"line":47,"column":null}},{"start":{"line":48,"column":8},"end":{"line":51,"column":null}},{"start":{"line":52,"column":8},"end":{"line":54,"column":null}}]},"1":{"loc":{"start":{"line":38,"column":16},"end":{"line":44,"column":null}},"type":"if","locations":[{"start":{"line":38,"column":16},"end":{"line":44,"column":null}},{"start":{"line":38,"column":16},"end":{"line":44,"column":null}}]},"2":{"loc":{"start":{"line":59,"column":4},"end":{"line":82,"column":null}},"type":"switch","locations":[{"start":{"line":60,"column":8},"end":{"line":62,"column":null}},{"start":{"line":63,"column":8},"end":{"line":75,"column":null}},{"start":{"line":76,"column":8},"end":{"line":78,"column":null}},{"start":{"line":79,"column":8},"end":{"line":81,"column":null}}]},"3":{"loc":{"start":{"line":65,"column":16},"end":{"line":72,"column":null}},"type":"if","locations":[{"start":{"line":65,"column":16},"end":{"line":72,"column":null}},{"start":{"line":65,"column":16},"end":{"line":72,"column":null}}]},"4":{"loc":{"start":{"line":175,"column":17},"end":{"line":181,"column":null}},"type":"cond-expr","locations":[{"start":{"line":176,"column":16},"end":{"line":179,"column":null}},{"start":{"line":181,"column":16},"end":{"line":181,"column":null}}]}},"s":{"0":0,"1":0,"2":0,"3":0,"4":0,"5":0,"6":0,"7":0,"8":0,"9":0,"10":0,"11":0,"12":0,"13":0,"14":0,"15":0,"16":0,"17":0,"18":0,"19":0,"20":2,"21":2,"22":2,"23":1,"24":1,"25":0,"26":0,"27":0,"28":0,"29":0,"30":0,"31":1,"32":3,"33":0,"34":0,"35":0,"36":0},"f":{"0":0,"1":0,"2":0,"3":0,"4":0,"5":0,"6":2,"7":0,"8":0,"9":0,"10":3,"11":0,"12":0,"13":0,"14":0},"b":{"0":[0,0,0,0],"1":[0,0],"2":[0,0,0,0],"3":[0,0],"4":[0,1]}}
,"/home/tomas/web-projects/proyectos-react/todolist-app/src/item-context.tsx": {"path":"/home/tomas/web-projects/proyectos-react/todolist-app/src/item-context.tsx","statementMap":{"0":{"start":{"line":17,"column":28},"end":{"line":17,"column":null}},"1":{"start":{"line":18,"column":36},"end":{"line":18,"column":null}}},"fnMap":{},"branchMap":{},"s":{"0":2,"1":2},"f":{},"b":{}}
,"/home/tomas/web-projects/proyectos-react/todolist-app/src/main.tsx": {"path":"/home/tomas/web-projects/proyectos-react/todolist-app/src/main.tsx","statementMap":{"0":{"start":{"line":6,"column":0},"end":{"line":10,"column":null}}},"fnMap":{},"branchMap":{},"s":{"0":0},"f":{},"b":{}}
,"/home/tomas/web-projects/proyectos-react/todolist-app/src/components/config.tsx": {"path":"/home/tomas/web-projects/proyectos-react/todolist-app/src/components/config.tsx","statementMap":{"0":{"start":{"line":8,"column":36},"end":{"line":8,"column":null}},"1":{"start":{"line":9,"column":17},"end":{"line":9,"column":null}},"2":{"start":{"line":11,"column":31},"end":{"line":16,"column":null}},"3":{"start":{"line":12,"column":8},"end":{"line":14,"column":null}},"4":{"start":{"line":13,"column":12},"end":{"line":13,"column":null}},"5":{"start":{"line":15,"column":8},"end":{"line":15,"column":null}},"6":{"start":{"line":18,"column":30},"end":{"line":21,"column":null}},"7":{"start":{"line":19,"column":8},"end":{"line":19,"column":null}},"8":{"start":{"line":20,"column":8},"end":{"line":20,"column":null}},"9":{"start":{"line":24,"column":4},"end":{"line":26,"column":null}},"10":{"start":{"line":25,"column":8},"end":{"line":25,"column":null}},"11":{"start":{"line":25,"column":54},"end":{"line":25,"column":79}},"12":{"start":{"line":29,"column":4},"end":{"line":44,"column":null}},"13":{"start":{"line":31,"column":36},"end":{"line":31,"column":62}}},"fnMap":{"0":{"name":"Config","decl":{"start":{"line":4,"column":24},"end":{"line":4,"column":32}},"loc":{"start":{"line":7,"column":3},"end":{"line":46,"column":null}}},"1":{"name":"(anonymous_1)","decl":{"start":{"line":11,"column":31},"end":{"line":11,"column":32}},"loc":{"start":{"line":11,"column":47},"end":{"line":16,"column":null}}},"2":{"name":"(anonymous_2)","decl":{"start":{"line":18,"column":30},"end":{"line":18,"column":31}},"loc":{"start":{"line":18,"column":72},"end":{"line":21,"column":null}}},"3":{"name":"(anonymous_3)","decl":{"start":{"line":24,"column":14},"end":{"line":24,"column":20}},"loc":{"start":{"line":24,"column":20},"end":{"line":26,"column":7}}},"4":{"name":"(anonymous_4)","decl":{"start":{"line":25,"column":43},"end":{"line":25,"column":44}},"loc":{"start":{"line":25,"column":54},"end":{"line":25,"column":79}}},"5":{"name":"(anonymous_5)","decl":{"start":{"line":31,"column":25},"end":{"line":31,"column":26}},"loc":{"start":{"line":31,"column":36},"end":{"line":31,"column":62}}}},"branchMap":{"0":{"loc":{"start":{"line":12,"column":8},"end":{"line":14,"column":null}},"type":"if","locations":[{"start":{"line":12,"column":8},"end":{"line":14,"column":null}},{"start":{"line":12,"column":8},"end":{"line":14,"column":null}}]},"1":{"loc":{"start":{"line":12,"column":11},"end":{"line":12,"column":69}},"type":"binary-expr","locations":[{"start":{"line":12,"column":11},"end":{"line":12,"column":29}},{"start":{"line":12,"column":29},"end":{"line":12,"column":69}}]},"2":{"loc":{"start":{"line":38,"column":10},"end":{"line":42,"column":null}},"type":"binary-expr","locations":[{"start":{"line":38,"column":10},"end":{"line":38,"column":null}},{"start":{"line":39,"column":8},"end":{"line":42,"column":null}}]}},"s":{"0":29,"1":29,"2":29,"3":31,"4":3,"5":31,"6":29,"7":8,"8":8,"9":29,"10":13,"11":31,"12":29,"13":8},"f":{"0":29,"1":31,"2":8,"3":13,"4":31,"5":8},"b":{"0":[3,28],"1":[31,8],"2":[29,12]}}
,"/home/tomas/web-projects/proyectos-react/todolist-app/src/components/header.tsx": {"path":"/home/tomas/web-projects/proyectos-react/todolist-app/src/components/header.tsx","statementMap":{"0":{"start":{"line":2,"column":4},"end":{"line":5,"column":null}}},"fnMap":{"0":{"name":"Header","decl":{"start":{"line":1,"column":24},"end":{"line":1,"column":33}},"loc":{"start":{"line":1,"column":33},"end":{"line":7,"column":null}}}},"branchMap":{},"s":{"0":1},"f":{"0":1},"b":{}}
,"/home/tomas/web-projects/proyectos-react/todolist-app/src/components/item-form.tsx": {"path":"/home/tomas/web-projects/proyectos-react/todolist-app/src/components/item-form.tsx","statementMap":{"0":{"start":{"line":15,"column":36},"end":{"line":15,"column":null}},"1":{"start":{"line":17,"column":25},"end":{"line":25,"column":null}},"2":{"start":{"line":18,"column":8},"end":{"line":18,"column":null}},"3":{"start":{"line":19,"column":8},"end":{"line":24,"column":null}},"4":{"start":{"line":20,"column":12},"end":{"line":23,"column":null}},"5":{"start":{"line":27,"column":4},"end":{"line":45,"column":null}},"6":{"start":{"line":32,"column":100},"end":{"line":32,"column":116}},"7":{"start":{"line":36,"column":119},"end":{"line":36,"column":135}}},"fnMap":{"0":{"name":"ItemForm","decl":{"start":{"line":10,"column":24},"end":{"line":10,"column":33}},"loc":{"start":{"line":13,"column":3},"end":{"line":48,"column":null}}},"1":{"name":"(anonymous_1)","decl":{"start":{"line":17,"column":25},"end":{"line":17,"column":26}},"loc":{"start":{"line":17,"column":37},"end":{"line":25,"column":null}}},"2":{"name":"(anonymous_2)","decl":{"start":{"line":32,"column":93},"end":{"line":32,"column":94}},"loc":{"start":{"line":32,"column":100},"end":{"line":32,"column":116}}},"3":{"name":"(anonymous_3)","decl":{"start":{"line":36,"column":112},"end":{"line":36,"column":113}},"loc":{"start":{"line":36,"column":119},"end":{"line":36,"column":135}}}},"branchMap":{"0":{"loc":{"start":{"line":19,"column":8},"end":{"line":24,"column":null}},"type":"if","locations":[{"start":{"line":19,"column":8},"end":{"line":24,"column":null}},{"start":{"line":19,"column":8},"end":{"line":24,"column":null}}]}},"s":{"0":4,"1":4,"2":0,"3":0,"4":0,"5":4,"6":0,"7":0},"f":{"0":4,"1":0,"2":0,"3":0},"b":{"0":[0,0]}}
,"/home/tomas/web-projects/proyectos-react/todolist-app/src/components/list-form.tsx": {"path":"/home/tomas/web-projects/proyectos-react/todolist-app/src/components/list-form.tsx","statementMap":{"0":{"start":{"line":15,"column":30},"end":{"line":15,"column":null}},"1":{"start":{"line":17,"column":25},"end":{"line":19,"column":null}},"2":{"start":{"line":18,"column":8},"end":{"line":18,"column":null}},"3":{"start":{"line":21,"column":4},"end":{"line":27,"column":null}},"4":{"start":{"line":24,"column":86},"end":{"line":24,"column":102}}},"fnMap":{"0":{"name":"ListForm","decl":{"start":{"line":10,"column":24},"end":{"line":10,"column":33}},"loc":{"start":{"line":13,"column":3},"end":{"line":29,"column":null}}},"1":{"name":"(anonymous_1)","decl":{"start":{"line":17,"column":25},"end":{"line":17,"column":26}},"loc":{"start":{"line":17,"column":37},"end":{"line":19,"column":null}}},"2":{"name":"(anonymous_2)","decl":{"start":{"line":24,"column":79},"end":{"line":24,"column":80}},"loc":{"start":{"line":24,"column":86},"end":{"line":24,"column":102}}}},"branchMap":{},"s":{"0":0,"1":0,"2":0,"3":0,"4":0},"f":{"0":0,"1":0,"2":0},"b":{}}
,"/home/tomas/web-projects/proyectos-react/todolist-app/src/components/list-item.tsx": {"path":"/home/tomas/web-projects/proyectos-react/todolist-app/src/components/list-item.tsx","statementMap":{"0":{"start":{"line":17,"column":36},"end":{"line":17,"column":null}},"1":{"start":{"line":18,"column":21},"end":{"line":18,"column":null}},"2":{"start":{"line":22,"column":8},"end":{"line":22,"column":null}},"3":{"start":{"line":23,"column":8},"end":{"line":35,"column":null}},"4":{"start":{"line":24,"column":12},"end":{"line":34,"column":null}},"5":{"start":{"line":37,"column":8},"end":{"line":37,"column":null}},"6":{"start":{"line":41,"column":8},"end":{"line":52,"column":null}},"7":{"start":{"line":42,"column":12},"end":{"line":51,"column":null}},"8":{"start":{"line":57,"column":4},"end":{"line":72,"column":null}},"9":{"start":{"line":59,"column":34},"end":{"line":59,"column":58}},"10":{"start":{"line":59,"column":74},"end":{"line":59,"column":102}},"11":{"start":{"line":62,"column":58},"end":{"line":62,"column":92}},"12":{"start":{"line":63,"column":39},"end":{"line":63,"column":63}}},"fnMap":{"0":{"name":"ListItem","decl":{"start":{"line":15,"column":24},"end":{"line":15,"column":34}},"loc":{"start":{"line":15,"column":47},"end":{"line":75,"column":null}}},"1":{"name":"handleUpdateItem","decl":{"start":{"line":21,"column":13},"end":{"line":21,"column":30}},"loc":{"start":{"line":21,"column":58},"end":{"line":38,"column":null}}},"2":{"name":"handleDeleteItem","decl":{"start":{"line":40,"column":13},"end":{"line":40,"column":30}},"loc":{"start":{"line":40,"column":42},"end":{"line":53,"column":null}}},"3":{"name":"(anonymous_3)","decl":{"start":{"line":59,"column":28},"end":{"line":59,"column":34}},"loc":{"start":{"line":59,"column":34},"end":{"line":59,"column":58}}},"4":{"name":"(anonymous_4)","decl":{"start":{"line":59,"column":68},"end":{"line":59,"column":74}},"loc":{"start":{"line":59,"column":74},"end":{"line":59,"column":102}}},"5":{"name":"(anonymous_5)","decl":{"start":{"line":62,"column":47},"end":{"line":62,"column":48}},"loc":{"start":{"line":62,"column":58},"end":{"line":62,"column":92}}},"6":{"name":"(anonymous_6)","decl":{"start":{"line":63,"column":33},"end":{"line":63,"column":39}},"loc":{"start":{"line":63,"column":39},"end":{"line":63,"column":63}}}},"branchMap":{"0":{"loc":{"start":{"line":23,"column":8},"end":{"line":35,"column":null}},"type":"if","locations":[{"start":{"line":23,"column":8},"end":{"line":35,"column":null}},{"start":{"line":23,"column":8},"end":{"line":35,"column":null}}]},"1":{"loc":{"start":{"line":41,"column":8},"end":{"line":52,"column":null}},"type":"if","locations":[{"start":{"line":41,"column":8},"end":{"line":52,"column":null}},{"start":{"line":41,"column":8},"end":{"line":52,"column":null}}]},"2":{"loc":{"start":{"line":60,"column":13},"end":{"line":70,"column":null}},"type":"cond-expr","locations":[{"start":{"line":61,"column":16},"end":{"line":64,"column":null}},{"start":{"line":66,"column":16},"end":{"line":70,"column":null}}]}},"s":{"0":12,"1":12,"2":1,"3":1,"4":0,"5":1,"6":0,"7":0,"8":12,"9":5,"10":0,"11":1,"12":1},"f":{"0":12,"1":1,"2":0,"3":5,"4":0,"5":1,"6":1},"b":{"0":[0,1],"1":[0,0],"2":[4,8]}}
,"/home/tomas/web-projects/proyectos-react/todolist-app/src/components/list.tsx": {"path":"/home/tomas/web-projects/proyectos-react/todolist-app/src/components/list.tsx","statementMap":{"0":{"start":{"line":17,"column":36},"end":{"line":17,"column":null}},"1":{"start":{"line":18,"column":44},"end":{"line":18,"column":null}},"2":{"start":{"line":19,"column":32},"end":{"line":19,"column":null}},"3":{"start":{"line":21,"column":18},"end":{"line":21,"column":null}},"4":{"start":{"line":22,"column":21},"end":{"line":22,"column":null}},"5":{"start":{"line":26,"column":8},"end":{"line":26,"column":null}},"6":{"start":{"line":27,"column":8},"end":{"line":39,"column":null}},"7":{"start":{"line":28,"column":12},"end":{"line":38,"column":null}},"8":{"start":{"line":42,"column":4},"end":{"line":73,"column":null}},"9":{"start":{"line":44,"column":34},"end":{"line":44,"column":58}},"10":{"start":{"line":47,"column":83},"end":{"line":47,"column":106}},"11":{"start":{"line":48,"column":35},"end":{"line":48,"column":59}},"12":{"start":{"line":51,"column":31},"end":{"line":51,"column":52}},"13":{"start":{"line":53,"column":45},"end":{"line":53,"column":69}},"14":{"start":{"line":55,"column":16},"end":{"line":62,"column":null}},"15":{"start":{"line":68,"column":41},"end":{"line":68,"column":66}},"16":{"start":{"line":69,"column":35},"end":{"line":69,"column":67}},"17":{"start":{"line":72,"column":35},"end":{"line":72,"column":67}}},"fnMap":{"0":{"name":"List","decl":{"start":{"line":10,"column":24},"end":{"line":10,"column":30}},"loc":{"start":{"line":15,"column":3},"end":{"line":76,"column":null}}},"1":{"name":"handleCreateItem","decl":{"start":{"line":25,"column":13},"end":{"line":25,"column":30}},"loc":{"start":{"line":25,"column":42},"end":{"line":40,"column":null}}},"2":{"name":"(anonymous_2)","decl":{"start":{"line":44,"column":28},"end":{"line":44,"column":34}},"loc":{"start":{"line":44,"column":34},"end":{"line":44,"column":58}}},"3":{"name":"(anonymous_3)","decl":{"start":{"line":47,"column":72},"end":{"line":47,"column":73}},"loc":{"start":{"line":47,"column":83},"end":{"line":47,"column":106}}},"4":{"name":"(anonymous_4)","decl":{"start":{"line":48,"column":29},"end":{"line":48,"column":35}},"loc":{"start":{"line":48,"column":35},"end":{"line":48,"column":59}}},"5":{"name":"(anonymous_5)","decl":{"start":{"line":51,"column":25},"end":{"line":51,"column":31}},"loc":{"start":{"line":51,"column":31},"end":{"line":51,"column":52}}},"6":{"name":"(anonymous_6)","decl":{"start":{"line":53,"column":37},"end":{"line":53,"column":45}},"loc":{"start":{"line":53,"column":45},"end":{"line":53,"column":69}}},"7":{"name":"(anonymous_7)","decl":{"start":{"line":54,"column":17},"end":{"line":54,"column":18}},"loc":{"start":{"line":54,"column":27},"end":{"line":64,"column":13}}},"8":{"name":"(anonymous_8)","decl":{"start":{"line":68,"column":30},"end":{"line":68,"column":31}},"loc":{"start":{"line":68,"column":41},"end":{"line":68,"column":66}}},"9":{"name":"(anonymous_9)","decl":{"start":{"line":69,"column":29},"end":{"line":69,"column":35}},"loc":{"start":{"line":69,"column":35},"end":{"line":69,"column":67}}},"10":{"name":"(anonymous_10)","decl":{"start":{"line":72,"column":29},"end":{"line":72,"column":35}},"loc":{"start":{"line":72,"column":35},"end":{"line":72,"column":67}}}},"branchMap":{"0":{"loc":{"start":{"line":27,"column":8},"end":{"line":39,"column":null}},"type":"if","locations":[{"start":{"line":27,"column":8},"end":{"line":39,"column":null}},{"start":{"line":27,"column":8},"end":{"line":39,"column":null}}]},"1":{"loc":{"start":{"line":45,"column":14},"end":{"line":51,"column":null}},"type":"cond-expr","locations":[{"start":{"line":46,"column":12},"end":{"line":49,"column":null}},{"start":{"line":51,"column":12},"end":{"line":51,"column":null}}]},"2":{"loc":{"start":{"line":53,"column":13},"end":{"line":64,"column":null}},"type":"binary-expr","locations":[{"start":{"line":53,"column":13},"end":{"line":53,"column":23}},{"start":{"line":53,"column":23},"end":{"line":64,"column":null}}]},"3":{"loc":{"start":{"line":66,"column":13},"end":{"line":72,"column":null}},"type":"binary-expr","locations":[{"start":{"line":66,"column":13},"end":{"line":66,"column":24}},{"start":{"line":66,"column":24},"end":{"line":72,"column":null}}]},"4":{"loc":{"start":{"line":66,"column":24},"end":{"line":72,"column":null}},"type":"cond-expr","locations":[{"start":{"line":67,"column":12},"end":{"line":70,"column":null}},{"start":{"line":72,"column":12},"end":{"line":72,"column":null}}]}},"s":{"0":4,"1":3,"2":3,"3":3,"4":3,"5":0,"6":0,"7":0,"8":3,"9":0,"10":0,"11":0,"12":0,"13":0,"14":0,"15":0,"16":0,"17":0},"f":{"0":4,"1":0,"2":0,"3":0,"4":0,"5":0,"6":0,"7":0,"8":0,"9":0,"10":0},"b":{"0":[0,0],"1":[0,3],"2":[3,0],"3":[3,0],"4":[0,0]}}
}
